<?xml version="1.0" encoding="utf-8"?><testsuites><testsuite name="pytest" errors="0" failures="0" skipped="0" tests="13" time="49.755" timestamp="2024-05-28T09:58:20.806341" hostname="biobb-runners"><testcase classname="biobb_io.test.unitests.test_mmb_api.test_alphafold.TestAlphaFold" name="test_alphafold" time="0.472" /><testcase classname="biobb_io.test.unitests.test_mmb_api.test_api_binding_site.TestApiBindingSite" name="test_api_binding_site" time="0.285" /><testcase classname="biobb_io.test.unitests.test_mmb_api.test_canonical_fasta.TestCanonicalFasta" name="test_canonical_fasta" time="5.223" /><testcase classname="biobb_io.test.unitests.test_mmb_api.test_drugbank.TestDrugbank" name="test_drugbank" time="0.542" /><testcase classname="biobb_io.test.unitests.test_mmb_api.test_ideal_sdf.TestIdealSdf" name="test_ideal_sdf" time="0.229" /><testcase classname="biobb_io.test.unitests.test_mmb_api.test_ligand.TestLigand" name="test_ligand" time="5.224" /><testcase classname="biobb_io.test.unitests.test_mmb_api.test_memprotmd_sim.TestMemProtMDSim" name="test_memprotmd_sim" time="0.539" /><testcase classname="biobb_io.test.unitests.test_mmb_api.test_memprotmd_sim_search.TestMemProtMDSimSearch" name="test_memprotmd_sim_search" time="0.215" /><testcase classname="biobb_io.test.unitests.test_mmb_api.test_mmcif.TestMmcif" name="test_mmcif" time="0.724" /><testcase classname="biobb_io.test.unitests.test_mmb_api.test_pdb.TestPdb" name="test_pdb" time="1.070" /><testcase classname="biobb_io.test.unitests.test_mmb_api.test_pdb_cluster_zip.TestPdbClusterZip" name="test_pdb_cluster_zip" time="24.526" /><testcase classname="biobb_io.test.unitests.test_mmb_api.test_pdb_variants.TestMmbPdbVariants" name="test_get_pdb_zip" time="1.606" /><testcase classname="biobb_io.test.unitests.test_mmb_api.test_structure_info.TestStructureInfo" name="test_structure_info" time="8.472" /></testsuite></testsuites>