<?xml version="1.0" encoding="utf-8"?><testsuites><testsuite name="pytest" errors="0" failures="0" skipped="0" tests="13" time="57.064" timestamp="2024-11-04T13:48:23.266777+00:00" hostname="biobb-runners"><testcase classname="biobb_io.test.unitests.test_mmb_api.test_alphafold.TestAlphaFold" name="test_alphafold" time="0.623" /><testcase classname="biobb_io.test.unitests.test_mmb_api.test_api_binding_site.TestApiBindingSite" name="test_api_binding_site" time="0.222" /><testcase classname="biobb_io.test.unitests.test_mmb_api.test_canonical_fasta.TestCanonicalFasta" name="test_canonical_fasta" time="5.219" /><testcase classname="biobb_io.test.unitests.test_mmb_api.test_drugbank.TestDrugbank" name="test_drugbank" time="0.606" /><testcase classname="biobb_io.test.unitests.test_mmb_api.test_ideal_sdf.TestIdealSdf" name="test_ideal_sdf" time="0.219" /><testcase classname="biobb_io.test.unitests.test_mmb_api.test_ligand.TestLigand" name="test_ligand" time="5.216" /><testcase classname="biobb_io.test.unitests.test_mmb_api.test_memprotmd_sim.TestMemProtMDSim" name="test_memprotmd_sim" time="0.630" /><testcase classname="biobb_io.test.unitests.test_mmb_api.test_memprotmd_sim_search.TestMemProtMDSimSearch" name="test_memprotmd_sim_search" time="5.305" /><testcase classname="biobb_io.test.unitests.test_mmb_api.test_mmcif.TestMmcif" name="test_mmcif" time="0.725" /><testcase classname="biobb_io.test.unitests.test_mmb_api.test_pdb.TestPdb" name="test_pdb" time="0.805" /><testcase classname="biobb_io.test.unitests.test_mmb_api.test_pdb_cluster_zip.TestPdbClusterZip" name="test_pdb_cluster_zip" time="27.291" /><testcase classname="biobb_io.test.unitests.test_mmb_api.test_pdb_variants.TestMmbPdbVariants" name="test_get_pdb_zip" time="1.509" /><testcase classname="biobb_io.test.unitests.test_mmb_api.test_structure_info.TestStructureInfo" name="test_structure_info" time="8.086" /></testsuite></testsuites>