<?xml version="1.0" encoding="utf-8"?><testsuites><testsuite name="pytest" errors="0" failures="0" skipped="0" tests="12" time="47.258" timestamp="2025-01-08T14:36:49.227823+00:00" hostname="biobb-runners"><testcase classname="biobb_io.test.unitests.test_mmb_api.test_alphafold.TestAlphaFold" name="test_alphafold" time="0.444" /><testcase classname="biobb_io.test.unitests.test_mmb_api.test_api_binding_site.TestApiBindingSite" name="test_api_binding_site" time="0.251" /><testcase classname="biobb_io.test.unitests.test_mmb_api.test_canonical_fasta.TestCanonicalFasta" name="test_canonical_fasta" time="5.246" /><testcase classname="biobb_io.test.unitests.test_mmb_api.test_ideal_sdf.TestIdealSdf" name="test_ideal_sdf" time="0.208" /><testcase classname="biobb_io.test.unitests.test_mmb_api.test_ligand.TestLigand" name="test_ligand" time="0.240" /><testcase classname="biobb_io.test.unitests.test_mmb_api.test_memprotmd_sim.TestMemProtMDSim" name="test_memprotmd_sim" time="5.544" /><testcase classname="biobb_io.test.unitests.test_mmb_api.test_memprotmd_sim_search.TestMemProtMDSimSearch" name="test_memprotmd_sim_search" time="0.263" /><testcase classname="biobb_io.test.unitests.test_mmb_api.test_mmcif.TestMmcif" name="test_mmcif" time="0.438" /><testcase classname="biobb_io.test.unitests.test_mmb_api.test_pdb.TestPdb" name="test_pdb" time="6.028" /><testcase classname="biobb_io.test.unitests.test_mmb_api.test_pdb_cluster_zip.TestPdbClusterZip" name="test_pdb_cluster_zip" time="18.046" /><testcase classname="biobb_io.test.unitests.test_mmb_api.test_pdb_variants.TestMmbPdbVariants" name="test_get_pdb_zip" time="1.773" /><testcase classname="biobb_io.test.unitests.test_mmb_api.test_structure_info.TestStructureInfo" name="test_structure_info" time="8.129" /></testsuite></testsuites>