<?xml version="1.0" encoding="utf-8"?><testsuites name="pytest tests"><testsuite name="pytest" errors="0" failures="0" skipped="0" tests="12" time="7.845" timestamp="2025-06-20T06:46:52.387137+00:00" hostname="github-actions.vm.mmb.pcb.ub.es"><testcase classname="biobb_io.test.unitests.test_mmb_api.test_alphafold.TestAlphaFold" name="test_alphafold" time="1.027" /><testcase classname="biobb_io.test.unitests.test_mmb_api.test_api_binding_site.TestApiBindingSite" name="test_api_binding_site" time="0.336" /><testcase classname="biobb_io.test.unitests.test_mmb_api.test_canonical_fasta.TestCanonicalFasta" name="test_canonical_fasta" time="0.229" /><testcase classname="biobb_io.test.unitests.test_mmb_api.test_ideal_sdf.TestIdealSdf" name="test_ideal_sdf" time="0.520" /><testcase classname="biobb_io.test.unitests.test_mmb_api.test_ligand.TestLigand" name="test_ligand" time="0.232" /><testcase classname="biobb_io.test.unitests.test_mmb_api.test_memprotmd_sim.TestMemProtMDSim" name="test_memprotmd_sim" time="0.699" /><testcase classname="biobb_io.test.unitests.test_mmb_api.test_memprotmd_sim_search.TestMemProtMDSimSearch" name="test_memprotmd_sim_search" time="0.337" /><testcase classname="biobb_io.test.unitests.test_mmb_api.test_mmcif.TestMmcif" name="test_mmcif" time="0.435" /><testcase classname="biobb_io.test.unitests.test_mmb_api.test_pdb.TestPdb" name="test_pdb" time="2.493" /><testcase classname="biobb_io.test.unitests.test_mmb_api.test_pdb_cluster_zip.TestPdbClusterZip" name="test_pdb_cluster_zip" time="0.053" /><testcase classname="biobb_io.test.unitests.test_mmb_api.test_pdb_variants.TestMmbPdbVariants" name="test_get_pdb_zip" time="0.052" /><testcase classname="biobb_io.test.unitests.test_mmb_api.test_structure_info.TestStructureInfo" name="test_structure_info" time="0.051" /></testsuite></testsuites>