<?xml version="1.0" encoding="utf-8"?><testsuites name="pytest tests"><testsuite name="pytest" errors="0" failures="0" skipped="0" tests="12" time="5.971" timestamp="2025-09-04T08:27:54.540419+00:00" hostname="github-actions.vm.mmb.pcb.ub.es"><testcase classname="biobb_io.test.unitests.test_mmb_api.test_alphafold.TestAlphaFold" name="test_alphafold" time="0.687" /><testcase classname="biobb_io.test.unitests.test_mmb_api.test_api_binding_site.TestApiBindingSite" name="test_api_binding_site" time="0.314" /><testcase classname="biobb_io.test.unitests.test_mmb_api.test_canonical_fasta.TestCanonicalFasta" name="test_canonical_fasta" time="0.280" /><testcase classname="biobb_io.test.unitests.test_mmb_api.test_ideal_sdf.TestIdealSdf" name="test_ideal_sdf" time="0.225" /><testcase classname="biobb_io.test.unitests.test_mmb_api.test_ligand.TestLigand" name="test_ligand" time="0.214" /><testcase classname="biobb_io.test.unitests.test_mmb_api.test_memprotmd_sim.TestMemProtMDSim" name="test_memprotmd_sim" time="0.722" /><testcase classname="biobb_io.test.unitests.test_mmb_api.test_memprotmd_sim_search.TestMemProtMDSimSearch" name="test_memprotmd_sim_search" time="0.317" /><testcase classname="biobb_io.test.unitests.test_mmb_api.test_mmcif.TestMmcif" name="test_mmcif" time="0.532" /><testcase classname="biobb_io.test.unitests.test_mmb_api.test_pdb.TestPdb" name="test_pdb" time="1.653" /><testcase classname="biobb_io.test.unitests.test_mmb_api.test_pdb_cluster_zip.TestPdbClusterZip" name="test_pdb_cluster_zip" time="0.038" /><testcase classname="biobb_io.test.unitests.test_mmb_api.test_pdb_variants.TestMmbPdbVariants" name="test_get_pdb_zip" time="0.037" /><testcase classname="biobb_io.test.unitests.test_mmb_api.test_structure_info.TestStructureInfo" name="test_structure_info" time="0.036" /></testsuite></testsuites>